  main.cpp
LINK : warning LNK4098: defaultlib 'LIBCMTD' conflicts with use of other libs; use /NODEFAULTLIB:library
scamp5_sim_lib.lib(scamp5_api_analog.obj) : warning LNK4099: PDB 'scamp5_sim_lib.pdb' was not found with 'scamp5_sim_lib.lib(scamp5_api_analog.obj)' or at 'C:\Users\Owner\Desktop\scamp5d_sim\sim_example\Debug\scamp5_sim_lib.pdb'; linking object as if no debug info
scamp5_sim_lib.lib(scamp5_output.obj) : warning LNK4099: PDB 'scamp5_sim_lib.pdb' was not found with 'scamp5_sim_lib.lib(scamp5_output.obj)' or at 'C:\Users\Owner\Desktop\scamp5d_sim\sim_example\Debug\scamp5_sim_lib.pdb'; linking object as if no debug info
scamp5_sim_lib.lib(scamp5_sim.obj) : warning LNK4099: PDB 'scamp5_sim_lib.pdb' was not found with 'scamp5_sim_lib.lib(scamp5_sim.obj)' or at 'C:\Users\Owner\Desktop\scamp5d_sim\sim_example\Debug\scamp5_sim_lib.pdb'; linking object as if no debug info
scamp5_sim_lib.lib(sim_client.obj) : warning LNK4099: PDB 'scamp5_sim_lib.pdb' was not found with 'scamp5_sim_lib.lib(sim_client.obj)' or at 'C:\Users\Owner\Desktop\scamp5d_sim\sim_example\Debug\scamp5_sim_lib.pdb'; linking object as if no debug info
scamp5_sim_lib.lib(sim_instruction.obj) : warning LNK4099: PDB 'scamp5_sim_lib.pdb' was not found with 'scamp5_sim_lib.lib(sim_instruction.obj)' or at 'C:\Users\Owner\Desktop\scamp5d_sim\sim_example\Debug\scamp5_sim_lib.pdb'; linking object as if no debug info
scamp5_sim_lib.lib(sim_kernel_api.obj) : warning LNK4099: PDB 'scamp5_sim_lib.pdb' was not found with 'scamp5_sim_lib.lib(sim_kernel_api.obj)' or at 'C:\Users\Owner\Desktop\scamp5d_sim\sim_example\Debug\scamp5_sim_lib.pdb'; linking object as if no debug info
scamp5_sim_lib.lib(sim_kernel_api_macro_analog.obj) : warning LNK4099: PDB 'scamp5_sim_lib.pdb' was not found with 'scamp5_sim_lib.lib(sim_kernel_api_macro_analog.obj)' or at 'C:\Users\Owner\Desktop\scamp5d_sim\sim_example\Debug\scamp5_sim_lib.pdb'; linking object as if no debug info
scamp5_sim_lib.lib(sim_protocol.obj) : warning LNK4099: PDB 'scamp5_sim_lib.pdb' was not found with 'scamp5_sim_lib.lib(sim_protocol.obj)' or at 'C:\Users\Owner\Desktop\scamp5d_sim\sim_example\Debug\scamp5_sim_lib.pdb'; linking object as if no debug info
scamp5_sim_lib.lib(vs_frame_trigger.obj) : warning LNK4099: PDB 'scamp5_sim_lib.pdb' was not found with 'scamp5_sim_lib.lib(vs_frame_trigger.obj)' or at 'C:\Users\Owner\Desktop\scamp5d_sim\sim_example\Debug\scamp5_sim_lib.pdb'; linking object as if no debug info
scamp5_sim_lib.lib(vs_import.obj) : warning LNK4099: PDB 'scamp5_sim_lib.pdb' was not found with 'scamp5_sim_lib.lib(vs_import.obj)' or at 'C:\Users\Owner\Desktop\scamp5d_sim\sim_example\Debug\scamp5_sim_lib.pdb'; linking object as if no debug info
scamp5_sim_lib.lib(vs_interaction.obj) : warning LNK4099: PDB 'scamp5_sim_lib.pdb' was not found with 'scamp5_sim_lib.lib(vs_interaction.obj)' or at 'C:\Users\Owner\Desktop\scamp5d_sim\sim_example\Debug\scamp5_sim_lib.pdb'; linking object as if no debug info
scamp5_sim_lib.lib(vs_ipc.m0.obj) : warning LNK4099: PDB 'scamp5_sim_lib.pdb' was not found with 'scamp5_sim_lib.lib(vs_ipc.m0.obj)' or at 'C:\Users\Owner\Desktop\scamp5d_sim\sim_example\Debug\scamp5_sim_lib.pdb'; linking object as if no debug info
scamp5_sim_lib.lib(vs_m0.obj) : warning LNK4099: PDB 'scamp5_sim_lib.pdb' was not found with 'scamp5_sim_lib.lib(vs_m0.obj)' or at 'C:\Users\Owner\Desktop\scamp5d_sim\sim_example\Debug\scamp5_sim_lib.pdb'; linking object as if no debug info
scamp5_sim_lib.lib(vs_post.m0.obj) : warning LNK4099: PDB 'scamp5_sim_lib.pdb' was not found with 'scamp5_sim_lib.lib(vs_post.m0.obj)' or at 'C:\Users\Owner\Desktop\scamp5d_sim\sim_example\Debug\scamp5_sim_lib.pdb'; linking object as if no debug info
scamp5_sim_lib.lib(vs_scamp5.obj) : warning LNK4099: PDB 'scamp5_sim_lib.pdb' was not found with 'scamp5_sim_lib.lib(vs_scamp5.obj)' or at 'C:\Users\Owner\Desktop\scamp5d_sim\sim_example\Debug\scamp5_sim_lib.pdb'; linking object as if no debug info
scamp5_sim_lib.lib(vs_flash_agent.obj) : warning LNK4099: PDB 'scamp5_sim_lib.pdb' was not found with 'scamp5_sim_lib.lib(vs_flash_agent.obj)' or at 'C:\Users\Owner\Desktop\scamp5d_sim\sim_example\Debug\scamp5_sim_lib.pdb'; linking object as if no debug info
scamp5_sim_lib.lib(vs_io_agent.obj) : warning LNK4099: PDB 'scamp5_sim_lib.pdb' was not found with 'scamp5_sim_lib.lib(vs_io_agent.obj)' or at 'C:\Users\Owner\Desktop\scamp5d_sim\sim_example\Debug\scamp5_sim_lib.pdb'; linking object as if no debug info
scamp5_sim_lib.lib(vs_ipc.m4.obj) : warning LNK4099: PDB 'scamp5_sim_lib.pdb' was not found with 'scamp5_sim_lib.lib(vs_ipc.m4.obj)' or at 'C:\Users\Owner\Desktop\scamp5d_sim\sim_example\Debug\scamp5_sim_lib.pdb'; linking object as if no debug info
scamp5_sim_lib.lib(vs_led.obj) : warning LNK4099: PDB 'scamp5_sim_lib.pdb' was not found with 'scamp5_sim_lib.lib(vs_led.obj)' or at 'C:\Users\Owner\Desktop\scamp5d_sim\sim_example\Debug\scamp5_sim_lib.pdb'; linking object as if no debug info
scamp5_sim_lib.lib(vs_protocol.obj) : warning LNK4099: PDB 'scamp5_sim_lib.pdb' was not found with 'scamp5_sim_lib.lib(vs_protocol.obj)' or at 'C:\Users\Owner\Desktop\scamp5d_sim\sim_example\Debug\scamp5_sim_lib.pdb'; linking object as if no debug info
scamp5_sim_lib.lib(vs_public_ram.obj) : warning LNK4099: PDB 'scamp5_sim_lib.pdb' was not found with 'scamp5_sim_lib.lib(vs_public_ram.obj)' or at 'C:\Users\Owner\Desktop\scamp5d_sim\sim_example\Debug\scamp5_sim_lib.pdb'; linking object as if no debug info
scamp5_sim_lib.lib(vs_stopwatch.obj) : warning LNK4099: PDB 'scamp5_sim_lib.pdb' was not found with 'scamp5_sim_lib.lib(vs_stopwatch.obj)' or at 'C:\Users\Owner\Desktop\scamp5d_sim\sim_example\Debug\scamp5_sim_lib.pdb'; linking object as if no debug info
scamp5_sim_lib.lib(winsock.obj) : warning LNK4099: PDB 'libuv.pdb' was not found with 'scamp5_sim_lib.lib(winsock.obj)' or at 'C:\Users\Owner\Desktop\scamp5d_sim\sim_example\Debug\libuv.pdb'; linking object as if no debug info
scamp5_sim_lib.lib(winapi.obj) : warning LNK4099: PDB 'libuv.pdb' was not found with 'scamp5_sim_lib.lib(winapi.obj)' or at 'C:\Users\Owner\Desktop\scamp5d_sim\sim_example\Debug\libuv.pdb'; linking object as if no debug info
scamp5_sim_lib.lib(util.obj) : warning LNK4099: PDB 'libuv.pdb' was not found with 'scamp5_sim_lib.lib(util.obj)' or at 'C:\Users\Owner\Desktop\scamp5d_sim\sim_example\Debug\libuv.pdb'; linking object as if no debug info
scamp5_sim_lib.lib(udp.obj) : warning LNK4099: PDB 'libuv.pdb' was not found with 'scamp5_sim_lib.lib(udp.obj)' or at 'C:\Users\Owner\Desktop\scamp5d_sim\sim_example\Debug\libuv.pdb'; linking object as if no debug info
scamp5_sim_lib.lib(timer.obj) : warning LNK4099: PDB 'libuv.pdb' was not found with 'scamp5_sim_lib.lib(timer.obj)' or at 'C:\Users\Owner\Desktop\scamp5d_sim\sim_example\Debug\libuv.pdb'; linking object as if no debug info
scamp5_sim_lib.lib(tty.obj) : warning LNK4099: PDB 'libuv.pdb' was not found with 'scamp5_sim_lib.lib(tty.obj)' or at 'C:\Users\Owner\Desktop\scamp5d_sim\sim_example\Debug\libuv.pdb'; linking object as if no debug info
scamp5_sim_lib.lib(tcp.obj) : warning LNK4099: PDB 'libuv.pdb' was not found with 'scamp5_sim_lib.lib(tcp.obj)' or at 'C:\Users\Owner\Desktop\scamp5d_sim\sim_example\Debug\libuv.pdb'; linking object as if no debug info
scamp5_sim_lib.lib(stream.obj) : warning LNK4099: PDB 'libuv.pdb' was not found with 'scamp5_sim_lib.lib(stream.obj)' or at 'C:\Users\Owner\Desktop\scamp5d_sim\sim_example\Debug\libuv.pdb'; linking object as if no debug info
scamp5_sim_lib.lib(signal.obj) : warning LNK4099: PDB 'libuv.pdb' was not found with 'scamp5_sim_lib.lib(signal.obj)' or at 'C:\Users\Owner\Desktop\scamp5d_sim\sim_example\Debug\libuv.pdb'; linking object as if no debug info
scamp5_sim_lib.lib(process-stdio.obj) : warning LNK4099: PDB 'libuv.pdb' was not found with 'scamp5_sim_lib.lib(process-stdio.obj)' or at 'C:\Users\Owner\Desktop\scamp5d_sim\sim_example\Debug\libuv.pdb'; linking object as if no debug info
scamp5_sim_lib.lib(process.obj) : warning LNK4099: PDB 'libuv.pdb' was not found with 'scamp5_sim_lib.lib(process.obj)' or at 'C:\Users\Owner\Desktop\scamp5d_sim\sim_example\Debug\libuv.pdb'; linking object as if no debug info
scamp5_sim_lib.lib(poll.obj) : warning LNK4099: PDB 'libuv.pdb' was not found with 'scamp5_sim_lib.lib(poll.obj)' or at 'C:\Users\Owner\Desktop\scamp5d_sim\sim_example\Debug\libuv.pdb'; linking object as if no debug info
scamp5_sim_lib.lib(thread.obj) : warning LNK4099: PDB 'libuv.pdb' was not found with 'scamp5_sim_lib.lib(thread.obj)' or at 'C:\Users\Owner\Desktop\scamp5d_sim\sim_example\Debug\libuv.pdb'; linking object as if no debug info
scamp5_sim_lib.lib(pipe.obj) : warning LNK4099: PDB 'libuv.pdb' was not found with 'scamp5_sim_lib.lib(pipe.obj)' or at 'C:\Users\Owner\Desktop\scamp5d_sim\sim_example\Debug\libuv.pdb'; linking object as if no debug info
scamp5_sim_lib.lib(loop-watcher.obj) : warning LNK4099: PDB 'libuv.pdb' was not found with 'scamp5_sim_lib.lib(loop-watcher.obj)' or at 'C:\Users\Owner\Desktop\scamp5d_sim\sim_example\Debug\libuv.pdb'; linking object as if no debug info
scamp5_sim_lib.lib(handle.obj) : warning LNK4099: PDB 'libuv.pdb' was not found with 'scamp5_sim_lib.lib(handle.obj)' or at 'C:\Users\Owner\Desktop\scamp5d_sim\sim_example\Debug\libuv.pdb'; linking object as if no debug info
scamp5_sim_lib.lib(fs-event.obj) : warning LNK4099: PDB 'libuv.pdb' was not found with 'scamp5_sim_lib.lib(fs-event.obj)' or at 'C:\Users\Owner\Desktop\scamp5d_sim\sim_example\Debug\libuv.pdb'; linking object as if no debug info
scamp5_sim_lib.lib(fs.obj) : warning LNK4099: PDB 'libuv.pdb' was not found with 'scamp5_sim_lib.lib(fs.obj)' or at 'C:\Users\Owner\Desktop\scamp5d_sim\sim_example\Debug\libuv.pdb'; linking object as if no debug info
scamp5_sim_lib.lib(error.obj) : warning LNK4099: PDB 'libuv.pdb' was not found with 'scamp5_sim_lib.lib(error.obj)' or at 'C:\Users\Owner\Desktop\scamp5d_sim\sim_example\Debug\libuv.pdb'; linking object as if no debug info
scamp5_sim_lib.lib(detect-wakeup.obj) : warning LNK4099: PDB 'libuv.pdb' was not found with 'scamp5_sim_lib.lib(detect-wakeup.obj)' or at 'C:\Users\Owner\Desktop\scamp5d_sim\sim_example\Debug\libuv.pdb'; linking object as if no debug info
scamp5_sim_lib.lib(core.obj) : warning LNK4099: PDB 'libuv.pdb' was not found with 'scamp5_sim_lib.lib(core.obj)' or at 'C:\Users\Owner\Desktop\scamp5d_sim\sim_example\Debug\libuv.pdb'; linking object as if no debug info
scamp5_sim_lib.lib(async.obj) : warning LNK4099: PDB 'libuv.pdb' was not found with 'scamp5_sim_lib.lib(async.obj)' or at 'C:\Users\Owner\Desktop\scamp5d_sim\sim_example\Debug\libuv.pdb'; linking object as if no debug info
scamp5_sim_lib.lib(uv-common.obj) : warning LNK4099: PDB 'libuv.pdb' was not found with 'scamp5_sim_lib.lib(uv-common.obj)' or at 'C:\Users\Owner\Desktop\scamp5d_sim\sim_example\Debug\libuv.pdb'; linking object as if no debug info
scamp5_sim_lib.lib(threadpool.obj) : warning LNK4099: PDB 'libuv.pdb' was not found with 'scamp5_sim_lib.lib(threadpool.obj)' or at 'C:\Users\Owner\Desktop\scamp5d_sim\sim_example\Debug\libuv.pdb'; linking object as if no debug info
scamp5_sim_lib.lib(inet.obj) : warning LNK4099: PDB 'libuv.pdb' was not found with 'scamp5_sim_lib.lib(inet.obj)' or at 'C:\Users\Owner\Desktop\scamp5d_sim\sim_example\Debug\libuv.pdb'; linking object as if no debug info
scamp5_sim_lib.lib(fs-poll.obj) : warning LNK4099: PDB 'libuv.pdb' was not found with 'scamp5_sim_lib.lib(fs-poll.obj)' or at 'C:\Users\Owner\Desktop\scamp5d_sim\sim_example\Debug\libuv.pdb'; linking object as if no debug info
  sim_example.vcxproj -> C:\Users\Owner\Desktop\scamp5d_sim\sim_example\Debug\sim_example.exe
